<?xml version="1.0" encoding="UTF-8"?>
<testsuite xmlns:xsi="http://www.w3.org/2001/XMLSchema-instance" xsi:noNamespaceSchemaLocation="https://maven.apache.org/surefire/maven-surefire-plugin/xsd/surefire-test-report.xsd" name="CrytpoBusiness.crytpo.CrytpoApplicationTests" time="0.16" tests="1" errors="1" skipped="0" failures="0">
  <properties>
[...]
</properties>
  <testcase name="CrytpoBusiness.crytpo.CrytpoApplicationTests" classname="CrytpoBusiness.crytpo.CrytpoApplicationTests" time="0.159">
    <error message="Unable to find a @SpringBootConfiguration, you need to use @ContextConfiguration or @SpringBootTest(classes=...) with your test" type="java.lang.IllegalStateException">java.lang.IllegalStateException: Unable to find a @SpringBootConfiguration, you need to use @ContextConfiguration or @SpringBootTest(classes=...) with your test
</error>
    <system-out><![CDATA[15:30:38.675 [main] DEBUG org.springframework.test.context.BootstrapUtils - Instantiating CacheAwareContextLoaderDelegate from class [org.springframework.test.context.cache.DefaultCacheAwareContextLoaderDelegate]
15:30:38.683 [main] DEBUG org.springframework.test.context.BootstrapUtils - Instantiating BootstrapContext using constructor [public org.springframework.test.context.support.DefaultBootstrapContext(java.lang.Class,org.springframework.test.context.CacheAwareContextLoaderDelegate)]
15:30:38.705 [main] DEBUG org.springframework.test.context.BootstrapUtils - Instantiating TestContextBootstrapper for test class [CrytpoBusiness.crytpo.CrytpoApplicationTests] from class [org.springframework.boot.test.context.SpringBootTestContextBootstrapper]
15:30:38.715 [main] INFO org.springframework.boot.test.context.SpringBootTestContextBootstrapper - Neither @ContextConfiguration nor @ContextHierarchy found for test class [CrytpoBusiness.crytpo.CrytpoApplicationTests], using SpringBootContextLoader
15:30:38.718 [main] DEBUG org.springframework.test.context.support.AbstractContextLoader - Did not detect default resource location for test class [CrytpoBusiness.crytpo.CrytpoApplicationTests]: class path resource [CrytpoBusiness/crytpo/CrytpoApplicationTests-context.xml] does not exist
15:30:38.719 [main] DEBUG org.springframework.test.context.support.AbstractContextLoader - Did not detect default resource location for test class [CrytpoBusiness.crytpo.CrytpoApplicationTests]: class path resource [CrytpoBusiness/crytpo/CrytpoApplicationTestsContext.groovy] does not exist
15:30:38.719 [main] INFO org.springframework.test.context.support.AbstractContextLoader - Could not detect default resource locations for test class [CrytpoBusiness.crytpo.CrytpoApplicationTests]: no resource found for suffixes {-context.xml, Context.groovy}.
15:30:38.719 [main] INFO org.springframework.test.context.support.AnnotationConfigContextLoaderUtils - Could not detect default configuration classes for test class [CrytpoBusiness.crytpo.CrytpoApplicationTests]: CrytpoApplicationTests does not declare any static, non-private, non-final, nested classes annotated with @Configuration.
15:30:38.744 [main] DEBUG org.springframework.test.context.support.ActiveProfilesUtils - Could not find an 'annotation declaring class' for annotation type [org.springframework.test.context.ActiveProfiles] and class [CrytpoBusiness.crytpo.CrytpoApplicationTests]
15:30:38.768 [main] DEBUG org.springframework.test.context.BootstrapUtils - Instantiating CacheAwareContextLoaderDelegate from class [org.springframework.test.context.cache.DefaultCacheAwareContextLoaderDelegate]
15:30:38.768 [main] DEBUG org.springframework.test.context.BootstrapUtils - Instantiating BootstrapContext using constructor [public org.springframework.test.context.support.DefaultBootstrapContext(java.lang.Class,org.springframework.test.context.CacheAwareContextLoaderDelegate)]
15:30:38.768 [main] DEBUG org.springframework.test.context.BootstrapUtils - Instantiating TestContextBootstrapper for test class [CrytpoBusiness.crytpo.CrytpoApplicationTests] from class [org.springframework.boot.test.context.SpringBootTestContextBootstrapper]
15:30:38.769 [main] INFO org.springframework.boot.test.context.SpringBootTestContextBootstrapper - Neither @ContextConfiguration nor @ContextHierarchy found for test class [CrytpoBusiness.crytpo.CrytpoApplicationTests], using SpringBootContextLoader
15:30:38.769 [main] DEBUG org.springframework.test.context.support.AbstractContextLoader - Did not detect default resource location for test class [CrytpoBusiness.crytpo.CrytpoApplicationTests]: class path resource [CrytpoBusiness/crytpo/CrytpoApplicationTests-context.xml] does not exist
15:30:38.769 [main] DEBUG org.springframework.test.context.support.AbstractContextLoader - Did not detect default resource location for test class [CrytpoBusiness.crytpo.CrytpoApplicationTests]: class path resource [CrytpoBusiness/crytpo/CrytpoApplicationTestsContext.groovy] does not exist
15:30:38.769 [main] INFO org.springframework.test.context.support.AbstractContextLoader - Could not detect default resource locations for test class [CrytpoBusiness.crytpo.CrytpoApplicationTests]: no resource found for suffixes {-context.xml, Context.groovy}.
15:30:38.769 [main] INFO org.springframework.test.context.support.AnnotationConfigContextLoaderUtils - Could not detect default configuration classes for test class [CrytpoBusiness.crytpo.CrytpoApplicationTests]: CrytpoApplicationTests does not declare any static, non-private, non-final, nested classes annotated with @Configuration.
15:30:38.771 [main] DEBUG org.springframework.test.context.support.ActiveProfilesUtils - Could not find an 'annotation declaring class' for annotation type [org.springframework.test.context.ActiveProfiles] and class [CrytpoBusiness.crytpo.CrytpoApplicationTests]
15:30:38.773 [main] DEBUG org.springframework.test.context.BootstrapUtils - Instantiating CacheAwareContextLoaderDelegate from class [org.springframework.test.context.cache.DefaultCacheAwareContextLoaderDelegate]
15:30:38.773 [main] DEBUG org.springframework.test.context.BootstrapUtils - Instantiating BootstrapContext using constructor [public org.springframework.test.context.support.DefaultBootstrapContext(java.lang.Class,org.springframework.test.context.CacheAwareContextLoaderDelegate)]
15:30:38.773 [main] DEBUG org.springframework.test.context.BootstrapUtils - Instantiating TestContextBootstrapper for test class [CrytpoBusiness.crytpo.CrytpoApplicationTests] from class [org.springframework.boot.test.context.SpringBootTestContextBootstrapper]
15:30:38.774 [main] INFO org.springframework.boot.test.context.SpringBootTestContextBootstrapper - Neither @ContextConfiguration nor @ContextHierarchy found for test class [CrytpoBusiness.crytpo.CrytpoApplicationTests], using SpringBootContextLoader
15:30:38.775 [main] DEBUG org.springframework.test.context.support.AbstractContextLoader - Did not detect default resource location for test class [CrytpoBusiness.crytpo.CrytpoApplicationTests]: class path resource [CrytpoBusiness/crytpo/CrytpoApplicationTests-context.xml] does not exist
15:30:38.775 [main] DEBUG org.springframework.test.context.support.AbstractContextLoader - Did not detect default resource location for test class [CrytpoBusiness.crytpo.CrytpoApplicationTests]: class path resource [CrytpoBusiness/crytpo/CrytpoApplicationTestsContext.groovy] does not exist
15:30:38.775 [main] INFO org.springframework.test.context.support.AbstractContextLoader - Could not detect default resource locations for test class [CrytpoBusiness.crytpo.CrytpoApplicationTests]: no resource found for suffixes {-context.xml, Context.groovy}.
15:30:38.775 [main] INFO org.springframework.test.context.support.AnnotationConfigContextLoaderUtils - Could not detect default configuration classes for test class [CrytpoBusiness.crytpo.CrytpoApplicationTests]: CrytpoApplicationTests does not declare any static, non-private, non-final, nested classes annotated with @Configuration.
15:30:38.776 [main] DEBUG org.springframework.test.context.support.ActiveProfilesUtils - Could not find an 'annotation declaring class' for annotation type [org.springframework.test.context.ActiveProfiles] and class [CrytpoBusiness.crytpo.CrytpoApplicationTests]
]]></system-out>
  </testcase>
</testsuite>